Performing C++ SOURCE FILE Test CMAKE_HAVE_LIBC_PTHREAD failed with the following output:
Change Dir: /home/songsm921/Lab6_cuda/build-dir/CMakeFiles/CMakeTmp

Run Build Command(s):/usr/bin/gmake -f Makefile cmTC_3c669/fast && /usr/bin/gmake  -f CMakeFiles/cmTC_3c669.dir/build.make CMakeFiles/cmTC_3c669.dir/build
gmake[1]: Entering directory `/home/songsm921/Lab6_cuda/build-dir/CMakeFiles/CMakeTmp'
Building CXX object CMakeFiles/cmTC_3c669.dir/src.cxx.o
/opt/ohpc/pub/compiler/gcc/7.3.0/bin/c++ -DCMAKE_HAVE_LIBC_PTHREAD   -o CMakeFiles/cmTC_3c669.dir/src.cxx.o -c /home/songsm921/Lab6_cuda/build-dir/CMakeFiles/CMakeTmp/src.cxx
Linking CXX executable cmTC_3c669
/usr/local/bin/cmake -E cmake_link_script CMakeFiles/cmTC_3c669.dir/link.txt --verbose=1
/opt/ohpc/pub/compiler/gcc/7.3.0/bin/c++ CMakeFiles/cmTC_3c669.dir/src.cxx.o -o cmTC_3c669 
CMakeFiles/cmTC_3c669.dir/src.cxx.o: In function `main':
src.cxx:(.text+0x2d): undefined reference to `pthread_create'
src.cxx:(.text+0x39): undefined reference to `pthread_detach'
src.cxx:(.text+0x45): undefined reference to `pthread_cancel'
src.cxx:(.text+0x56): undefined reference to `pthread_join'
src.cxx:(.text+0x6a): undefined reference to `pthread_atfork'
collect2: error: ld returned 1 exit status
gmake[1]: *** [cmTC_3c669] Error 1
gmake[1]: Leaving directory `/home/songsm921/Lab6_cuda/build-dir/CMakeFiles/CMakeTmp'
gmake: *** [cmTC_3c669/fast] Error 2


Source file was:
#include <pthread.h>

static void* test_func(void* data)
{
  return data;
}

int main(void)
{
  pthread_t thread;
  pthread_create(&thread, NULL, test_func, NULL);
  pthread_detach(thread);
  pthread_cancel(thread);
  pthread_join(thread, NULL);
  pthread_atfork(NULL, NULL, NULL);
  pthread_exit(NULL);

  return 0;
}

Determining if the function pthread_create exists in the pthreads failed with the following output:
Change Dir: /home/songsm921/Lab6_cuda/build-dir/CMakeFiles/CMakeTmp

Run Build Command(s):/usr/bin/gmake -f Makefile cmTC_3620a/fast && /usr/bin/gmake  -f CMakeFiles/cmTC_3620a.dir/build.make CMakeFiles/cmTC_3620a.dir/build
gmake[1]: Entering directory `/home/songsm921/Lab6_cuda/build-dir/CMakeFiles/CMakeTmp'
Building CXX object CMakeFiles/cmTC_3620a.dir/CheckFunctionExists.cxx.o
/opt/ohpc/pub/compiler/gcc/7.3.0/bin/c++   -DCHECK_FUNCTION_EXISTS=pthread_create -o CMakeFiles/cmTC_3620a.dir/CheckFunctionExists.cxx.o -c /home/songsm921/Lab6_cuda/build-dir/CMakeFiles/CheckLibraryExists/CheckFunctionExists.cxx
Linking CXX executable cmTC_3620a
/usr/local/bin/cmake -E cmake_link_script CMakeFiles/cmTC_3620a.dir/link.txt --verbose=1
/opt/ohpc/pub/compiler/gcc/7.3.0/bin/c++  -DCHECK_FUNCTION_EXISTS=pthread_create CMakeFiles/cmTC_3620a.dir/CheckFunctionExists.cxx.o -o cmTC_3620a  -lpthreads 
/usr/bin/ld: cannot find -lpthreads
collect2: error: ld returned 1 exit status
gmake[1]: *** [cmTC_3620a] Error 1
gmake[1]: Leaving directory `/home/songsm921/Lab6_cuda/build-dir/CMakeFiles/CMakeTmp'
gmake: *** [cmTC_3620a/fast] Error 2



